<?xml version="1.0" encoding="UTF-8"?>
<!-- Generated by org.testng.reporters.JUnitReportReporter -->
<testsuite hostname="LAPTOP-J1RFS02R" failures="0" tests="2" name="testCases.TC002_LoginTest" time="2.744" errors="0" timestamp="2025-09-13T16:31:12 IST" skipped="0">
  <testcase classname="testCases.TC002_LoginTest" name="verify_login" time="1.301"/>
  <testcase classname="testCases.TC002_LoginTest" name="verify_login" time="1.443"/>
</testsuite> <!-- testCases.TC002_LoginTest -->
