<?xml version="1.0" encoding="UTF-8"?>
<!-- Generated by org.testng.reporters.JUnitReportReporter -->
<testsuite hostname="LAPTOP-J1RFS02R" failures="0" tests="2" name="testCases.TC001_AccountRegisterationTest" time="4.061" errors="0" timestamp="2025-09-13T16:31:12 IST" skipped="0">
  <testcase classname="testCases.TC001_AccountRegisterationTest" name="verify_account_registeration" time="2.204"/>
  <testcase classname="testCases.TC001_AccountRegisterationTest" name="verify_account_registeration" time="1.857"/>
</testsuite> <!-- testCases.TC001_AccountRegisterationTest -->
