<?xml version="1.0" encoding="UTF-8"?>
<!-- Generated by org.testng.reporters.JUnitReportReporter -->
<testsuite hostname="LAPTOP-J1RFS02R" failures="0" tests="1" name="testCases.TC001_AccountRegisterationTest" time="2.023" errors="0" timestamp="2025-09-13T21:27:06 IST" skipped="0">
  <testcase classname="testCases.TC001_AccountRegisterationTest" name="verify_account_registeration" time="2.023"/>
</testsuite> <!-- testCases.TC001_AccountRegisterationTest -->
