<?xml version="1.0" encoding="UTF-8"?>
<!-- Generated by org.testng.reporters.JUnitReportReporter -->
<testsuite hostname="LAPTOP-J1RFS02R" failures="0" tests="1" name="testCases.TC002_LoginTest" time="1.433" errors="0" timestamp="2025-09-13T21:27:06 IST" skipped="0">
  <testcase classname="testCases.TC002_LoginTest" name="verify_login" time="1.433"/>
</testsuite> <!-- testCases.TC002_LoginTest -->
